<?xml version="1.0" encoding="UTF-8"?>
<!-- Generated by org.testng.reporters.JUnitReportReporter -->
<testsuite hostname="sirish" name="testcases.SigninTest" tests="1" failures="0" timestamp="31 Mar 2021 19:02:29 GMT" time="49.053" errors="0">
  <testcase name="signin" time="49.053" classname="testcases.SigninTest"/>
</testsuite> <!-- testcases.SigninTest -->
